#
# A fatal error has been detected by the Java Runtime Environment:
#
#  SIGSEGV (0xb) at pc=0x0000000102a48358, pid=7074, tid=19203
#
# JRE version: Java(TM) SE Runtime Environment (8.0_91-b14) (build 1.8.0_91-b14)
# Java VM: Java HotSpot(TM) 64-Bit Server VM (25.91-b14 mixed mode bsd-amd64 compressed oops)
# Problematic frame:
# V  [libjvm.dylib+0x448358]
#
# Failed to write core dump. Core dumps have been disabled. To enable core dumping, try "ulimit -c unlimited" before starting Java again
#
# If you would like to submit a bug report, please visit:
#   http://bugreport.java.com/bugreport/crash.jsp
#

---------------  T H R E A D  ---------------

Current thread (0x00007f836b80e000):  JavaThread "JDWP Transport Listener: dt_socket" daemon [_thread_in_vm, id=19203, stack(0x0000700001cb8000,0x0000700001db8000)]

siginfo: si_signo: 11 (SIGSEGV), si_code: 0 (unknown), si_addr: 0x0000000000000000

Registers:
RAX=0x0000000000000001, RBX=0x0000700001db7a8b, RCX=0x0000000102e18340, RDX=0x0000700001db7a8b
RSP=0x0000700001db79d0, RBP=0x0000700001db79e0, RSI=0x00007f836b80e000, RDI=0x0002000000000000
R8 =0x0000000000000001, R9 =0x00007f83684141c0, R10=0x0000000000000001, R11=0x0000000000000002
R12=0x00007f836b80e000, R13=0x0002000000000000, R14=0x0002000000000000, R15=0x00007f8368700510
RIP=0x0000000102a48358, EFLAGS=0x0000000000010206, ERR=0x0000000000000000
  TRAPNO=0x000000000000000d

Top of Stack: (sp=0x0000700001db79d0)
0x0000700001db79d0:   0000700001db7a8b 0000700001db7a8b
0x0000700001db79e0:   0000700001db7a40 0000000102957316
0x0000700001db79f0:   00007f836b80e000 0000000000000000
0x0000700001db7a00:   0000000000000000 0000000000000000
0x0000700001db7a10:   00007f836b80e000 00007f836b80e000
0x0000700001db7a20:   0000700001db7a8b 0000700001db7a90
0x0000700001db7a30:   0002000000000000 0000000000000003
0x0000700001db7a40:   0000700001db7a60 0000000101575780
0x0000700001db7a50:   0000000000000001 0000700001db7b08
0x0000700001db7a60:   0000700001db7ad0 000000010155a1f3
0x0000700001db7a70:   0000700001db7aa0 00007f83684133c0
0x0000700001db7a80:   0000000400000032 0000000a00db7b08
0x0000700001db7a90:   0000000000000000 0000000000000000
0x0000700001db7aa0:   0000000000000000 0000700001db7c90
0x0000700001db7ab0:   000000010157ce7a 00007f83684139c0
0x0000700001db7ac0:   0000700001db7b08 0000000101588598
0x0000700001db7ad0:   0000700001db7ae0 000000010155a2ec
0x0000700001db7ae0:   0000700001db7d00 0000000101563898
0x0000700001db7af0:   0000102600000013 00000000000f0200
0x0000700001db7b00:   00007f8368413cc0 0000700001db7c0a
0x0000700001db7b10:   00007f830000007a 0000700001db7b20
0x0000700001db7b20:   00007f83000000b2 0000700001db7b58
0x0000700001db7b30:   0000000000000000 0000000000000000
0x0000700001db7b40:   00001026000000bd 00007f8300008580
0x0000700001db7b50:   0000700001db7b58 837f000004000000
0x0000700001db7b60:   0c00000030f06168 61706e5572616863
0x0000700001db7b70:   1500000064657269 6c2f6176616a4c28
0x0000700001db7b80:   697274532f676e61 00000049293b676e
0x0000700001db7b90:   7f00000a00000000 00000018f0616883
0x0000700001db7ba0:   0000006e69616d04 6176616a4c5b2816
0x0000700001db7bb0:   74532f676e616c2f 0056293b676e6972
0x0000700001db7bc0:   0009000000000000 0020f06168837f00 

Instructions: (pc=0x0000000102a48358)
0x0000000102a48338:   40 48 48 85 c0 75 e0 30 c0 0f b6 c0 5d c3 31 c0
0x0000000102a48348:   5d c3 55 48 89 e5 53 48 83 ec 08 48 85 ff 74 24
0x0000000102a48358:   48 8b 1f 48 85 db 74 1c 48 83 fb 37 74 16 48 8b
0x0000000102a48368:   03 48 89 df ff 50 10 84 c0 b8 00 00 00 00 48 0f 

Register to memory mapping:

RAX=0x0000000000000001 is an unknown value
RBX=0x0000700001db7a8b is pointing into the stack for thread: 0x00007f836b80e000
RCX=0x0000000102e18340: UseMembar+0 in /Library/Java/JavaVirtualMachines/jdk1.8.0_91.jdk/Contents/Home/jre/lib/server/libjvm.dylib at 0x0000000102600000
RDX=0x0000700001db7a8b is pointing into the stack for thread: 0x00007f836b80e000
RSP=0x0000700001db79d0 is pointing into the stack for thread: 0x00007f836b80e000
RBP=0x0000700001db79e0 is pointing into the stack for thread: 0x00007f836b80e000
RSI=0x00007f836b80e000 is a thread
RDI=0x0002000000000000 is an unknown value
R8 =0x0000000000000001 is an unknown value
R9 =0x00007f83684141c0 is an unknown value
R10=0x0000000000000001 is an unknown value
R11=0x0000000000000002 is an unknown value
R12=0x00007f836b80e000 is a thread
R13=0x0002000000000000 is an unknown value
R14=0x0002000000000000 is an unknown value
R15=0x00007f8368700510 is an unknown value


Stack: [0x0000700001cb8000,0x0000700001db8000],  sp=0x0000700001db79d0,  free space=1022k
Native frames: (J=compiled Java code, j=interpreted, Vv=VM code, C=native code)
V  [libjvm.dylib+0x448358]
V  [libjvm.dylib+0x357316]
C  [libjdwp.dylib+0x20780]  isMethodSynthetic+0x63
C  [libjdwp.dylib+0x51f3]  methods1+0x10b
C  [libjdwp.dylib+0x52ec]  methodsWithGeneric+0xe
C  [libjdwp.dylib+0xe898]  debugLoop_run+0x1ce
C  [libjdwp.dylib+0x1f6ba]  attachThread+0x4d
V  [libjvm.dylib+0x39867c]
V  [libjvm.dylib+0x563d17]
V  [libjvm.dylib+0x565412]
V  [libjvm.dylib+0x484f82]
C  [libsystem_pthread.dylib+0x393b]  _pthread_body+0xb4
C  [libsystem_pthread.dylib+0x3887]  _pthread_body+0x0
C  [libsystem_pthread.dylib+0x308d]  thread_start+0xd
C  0x0000000000000000


---------------  P R O C E S S  ---------------

Java Threads: ( => current thread )
  0x00007f836880d000 JavaThread "Service Thread" daemon [_thread_blocked, id=22787, stack(0x00007000023cd000,0x00007000024cd000)]
  0x00007f836a805800 JavaThread "C1 CompilerThread3" daemon [_thread_blocked, id=22275, stack(0x00007000022ca000,0x00007000023ca000)]
  0x00007f8369811800 JavaThread "C2 CompilerThread2" daemon [_thread_blocked, id=21763, stack(0x00007000021c7000,0x00007000022c7000)]
  0x00007f836880c000 JavaThread "C2 CompilerThread1" daemon [_thread_blocked, id=21251, stack(0x00007000020c4000,0x00007000021c4000)]
  0x00007f8368803800 JavaThread "C2 CompilerThread0" daemon [_thread_blocked, id=20739, stack(0x0000700001fc1000,0x00007000020c1000)]
  0x00007f836b002800 JavaThread "JDWP Command Reader" daemon [_thread_in_native, id=20227, stack(0x0000700001ebe000,0x0000700001fbe000)]
  0x00007f836980b000 JavaThread "JDWP Event Helper Thread" daemon [_thread_blocked, id=19715, stack(0x0000700001dbb000,0x0000700001ebb000)]
=>0x00007f836b80e000 JavaThread "JDWP Transport Listener: dt_socket" daemon [_thread_in_vm, id=19203, stack(0x0000700001cb8000,0x0000700001db8000)]
  0x00007f836c004000 JavaThread "Signal Dispatcher" daemon [_thread_blocked, id=18691, stack(0x0000700001bb5000,0x0000700001cb5000)]
  0x00007f8369007800 JavaThread "Finalizer" daemon [_thread_blocked, id=14595, stack(0x0000700001ab2000,0x0000700001bb2000)]
  0x00007f8369808000 JavaThread "Reference Handler" daemon [_thread_blocked, id=14083, stack(0x00007000019af000,0x0000700001aaf000)]
  0x00007f836a802000 JavaThread "main" [_thread_blocked, id=7171, stack(0x0000700000f91000,0x0000700001091000)]

Other Threads:
  0x00007f8369803800 VMThread [stack: 0x00007000018ac000,0x00007000019ac000] [id=13571]
  0x00007f836c011800 WatcherThread [stack: 0x00007000024d0000,0x00007000025d0000] [id=23299]

VM state:not at safepoint (normal execution)

VM Mutex/Monitor currently owned by a thread: None

Heap:
 PSYoungGen      total 76288K, used 3932K [0x000000076ab00000, 0x0000000770000000, 0x00000007c0000000)
  eden space 65536K, 6% used [0x000000076ab00000,0x000000076aed70e0,0x000000076eb00000)
  from space 10752K, 0% used [0x000000076f580000,0x000000076f580000,0x0000000770000000)
  to   space 10752K, 0% used [0x000000076eb00000,0x000000076eb00000,0x000000076f580000)
 ParOldGen       total 175104K, used 0K [0x00000006c0000000, 0x00000006cab00000, 0x000000076ab00000)
  object space 175104K, 0% used [0x00000006c0000000,0x00000006c0000000,0x00000006cab00000)
 Metaspace       used 2890K, capacity 4728K, committed 4864K, reserved 1056768K
  class space    used 307K, capacity 424K, committed 512K, reserved 1048576K

Card table byte_map: [0x0000000103954000,0x0000000104155000] byte_map_base: 0x0000000100354000

Marking Bits: (ParMarkBitMap*) 0x0000000102ee6eb0
 Begin Bits: [0x0000000116344000, 0x000000011a344000)
 End Bits:   [0x000000011a344000, 0x000000011e344000)

Polling page: 0x0000000101554000

CodeCache: size=245760Kb used=1143Kb max_used=1147Kb free=244616Kb
 bounds [0x0000000107344000, 0x00000001075b4000, 0x0000000116344000]
 total_blobs=277 nmethods=54 adapters=145
 compilation: enabled

Compilation events (10 events):
Event: 0.148 Thread 0x00007f836a805800   50       3       java.lang.ref.Reference::<init> (25 bytes)
Event: 0.149 Thread 0x00007f836a805800 nmethod 50 0x0000000107462750 code [0x00000001074628c0, 0x0000000107462b10]
Event: 0.149 Thread 0x00007f836a805800   51       3       java.lang.AbstractStringBuilder::<init> (12 bytes)
Event: 0.149 Thread 0x00007f836a805800 nmethod 51 0x00000001074622d0 code [0x0000000107462440, 0x0000000107462690]
Event: 0.149 Thread 0x00007f836a805800   52       3       java.lang.String::lastIndexOf (13 bytes)
Event: 0.149 Thread 0x00007f836a805800 nmethod 52 0x0000000107461e90 code [0x0000000107462000, 0x0000000107462228]
Event: 0.149 Thread 0x00007f836a805800   53       3       java.lang.AbstractStringBuilder::expandCapacity (50 bytes)
Event: 0.149 Thread 0x00007f836a805800 nmethod 53 0x0000000107461510 code [0x00000001074616c0, 0x0000000107461c38]
Event: 0.149 Thread 0x00007f836a805800   54       3       java.io.UnixFileSystem::prefixLength (25 bytes)
Event: 0.150 Thread 0x00007f836a805800 nmethod 54 0x0000000107460c90 code [0x0000000107460e40, 0x0000000107461308]

GC Heap History (0 events):
No events

Deoptimization events (1 events):
Event: 0.152 Thread 0x00007f836a802000 Uncommon trap: reason=unstable_if action=reinterpret pc=0x0000000107462e8c method=java.lang.String.hashCode()I @ 14

Internal exceptions (10 events):
Event: 0.136 Thread 0x00007f836a802000 Exception <a 'java/security/PrivilegedActionException'> (0x000000076abb9ab0) thrown at [/Users/java_re/workspace/8-2-build-macosx-x86_64/jdk8u91/6644/hotspot/src/share/vm/prims/jvm.cpp, line 1386]
Event: 0.137 Thread 0x00007f836a802000 Exception <a 'java/util/zip/ZipException'> (0x000000076abba830) thrown at [/Users/java_re/workspace/8-2-build-macosx-x86_64/jdk8u91/6644/hotspot/src/share/vm/prims/jni.cpp, line 709]
Event: 0.137 Thread 0x00007f836a802000 Exception <a 'java/security/PrivilegedActionException'> (0x000000076abbaa38) thrown at [/Users/java_re/workspace/8-2-build-macosx-x86_64/jdk8u91/6644/hotspot/src/share/vm/prims/jvm.cpp, line 1386]
Event: 0.137 Thread 0x00007f836a802000 Exception <a 'java/security/PrivilegedActionException'> (0x000000076abbac48) thrown at [/Users/java_re/workspace/8-2-build-macosx-x86_64/jdk8u91/6644/hotspot/src/share/vm/prims/jvm.cpp, line 1386]
Event: 0.138 Thread 0x00007f836a802000 Exception <a 'java/util/zip/ZipException'> (0x000000076abbb9c8) thrown at [/Users/java_re/workspace/8-2-build-macosx-x86_64/jdk8u91/6644/hotspot/src/share/vm/prims/jni.cpp, line 709]
Event: 0.138 Thread 0x00007f836a802000 Exception <a 'java/security/PrivilegedActionException'> (0x000000076abbbbd0) thrown at [/Users/java_re/workspace/8-2-build-macosx-x86_64/jdk8u91/6644/hotspot/src/share/vm/prims/jvm.cpp, line 1386]
Event: 0.138 Thread 0x00007f836a802000 Exception <a 'java/security/PrivilegedActionException'> (0x000000076abbbde0) thrown at [/Users/java_re/workspace/8-2-build-macosx-x86_64/jdk8u91/6644/hotspot/src/share/vm/prims/jvm.cpp, line 1386]
Event: 0.141 Thread 0x00007f836a802000 Exception <a 'java/util/zip/ZipException'> (0x000000076abcd6c8) thrown at [/Users/java_re/workspace/8-2-build-macosx-x86_64/jdk8u91/6644/hotspot/src/share/vm/prims/jni.cpp, line 709]
Event: 0.141 Thread 0x00007f836a802000 Exception <a 'java/security/PrivilegedActionException'> (0x000000076abcd8d0) thrown at [/Users/java_re/workspace/8-2-build-macosx-x86_64/jdk8u91/6644/hotspot/src/share/vm/prims/jvm.cpp, line 1386]
Event: 0.141 Thread 0x00007f836a802000 Exception <a 'java/security/PrivilegedActionException'> (0x000000076abcdae0) thrown at [/Users/java_re/workspace/8-2-build-macosx-x86_64/jdk8u91/6644/hotspot/src/share/vm/prims/jvm.cpp, line 1386]

Events (10 events):
Event: 2351.203 Executing VM operation: RedefineClasses
Event: 2351.204 Executing VM operation: RedefineClasses done
Event: 2791.237 Executing VM operation: RedefineClasses
Event: 2791.238 Executing VM operation: RedefineClasses done
Event: 2819.115 Executing VM operation: RedefineClasses
Event: 2819.115 Executing VM operation: RedefineClasses done
Event: 2843.810 Executing VM operation: RedefineClasses
Event: 2843.811 Executing VM operation: RedefineClasses done
Event: 3976.380 Executing VM operation: RedefineClasses
Event: 3976.380 Executing VM operation: RedefineClasses done


Dynamic libraries:
0x000000003b5e8000 	/System/Library/Frameworks/Cocoa.framework/Versions/A/Cocoa
0x000000003b5e8000 	/System/Library/Frameworks/Security.framework/Versions/A/Security
0x000000003b5e8000 	/System/Library/Frameworks/ApplicationServices.framework/Versions/A/ApplicationServices
0x000000003b5e8000 	/usr/lib/libz.1.dylib
0x000000003b5e8000 	/usr/lib/libSystem.B.dylib
0x000000003b5e8000 	/usr/lib/libobjc.A.dylib
0x000000003b5e8000 	/System/Library/Frameworks/CoreFoundation.framework/Versions/A/CoreFoundation
0x000000003b5e8000 	/System/Library/Frameworks/Foundation.framework/Versions/C/Foundation
0x000000003b5e8000 	/System/Library/Frameworks/AppKit.framework/Versions/C/AppKit
0x000000003b5e8000 	/System/Library/Frameworks/CoreData.framework/Versions/A/CoreData
0x000000003b5e8000 	/System/Library/PrivateFrameworks/RemoteViewServices.framework/Versions/A/RemoteViewServices
0x000000003b5e8000 	/System/Library/PrivateFrameworks/UIFoundation.framework/Versions/A/UIFoundation
0x000000003b5e8000 	/System/Library/PrivateFrameworks/DFRFoundation.framework/Versions/A/DFRFoundation
0x000000003b5e8000 	/usr/lib/libenergytrace.dylib
0x000000003b5e8000 	/System/Library/PrivateFrameworks/SkyLight.framework/Versions/A/SkyLight
0x000000003b5e8000 	/System/Library/Frameworks/CoreGraphics.framework/Versions/A/CoreGraphics
0x000000003b5e8000 	/usr/lib/libScreenReader.dylib
0x000000003b5e8000 	/System/Library/Frameworks/Accelerate.framework/Versions/A/Accelerate
0x000000003b5e8000 	/System/Library/Frameworks/IOSurface.framework/Versions/A/IOSurface
0x000000003b5e8000 	/System/Library/Frameworks/AudioToolbox.framework/Versions/A/AudioToolbox
0x000000003b5e8000 	/System/Library/Frameworks/AudioUnit.framework/Versions/A/AudioUnit
0x000000003b5e8000 	/System/Library/PrivateFrameworks/DataDetectorsCore.framework/Versions/A/DataDetectorsCore
0x000000003b5e8000 	/System/Library/PrivateFrameworks/DesktopServicesPriv.framework/Versions/A/DesktopServicesPriv
0x000000003b5e8000 	/System/Library/Frameworks/Carbon.framework/Versions/A/Frameworks/HIToolbox.framework/Versions/A/HIToolbox
0x000000003b5e8000 	/usr/lib/libicucore.A.dylib
0x000000003b5e8000 	/System/Library/Frameworks/QuartzCore.framework/Versions/A/QuartzCore
0x000000003b5e8000 	/System/Library/Frameworks/Carbon.framework/Versions/A/Frameworks/SpeechRecognition.framework/Versions/A/SpeechRecognition
0x000000003b5e8000 	/usr/lib/libauto.dylib
0x000000003b5e8000 	/usr/lib/libxml2.2.dylib
0x000000003b5e8000 	/System/Library/PrivateFrameworks/CoreUI.framework/Versions/A/CoreUI
0x000000003b5e8000 	/System/Library/Frameworks/CoreAudio.framework/Versions/A/CoreAudio
0x000000003b5e8000 	/System/Library/Frameworks/DiskArbitration.framework/Versions/A/DiskArbitration
0x000000003b5e8000 	/usr/lib/liblangid.dylib
0x000000003b5e8000 	/System/Library/PrivateFrameworks/MultitouchSupport.framework/Versions/A/MultitouchSupport
0x000000003b5e8000 	/System/Library/Frameworks/IOKit.framework/Versions/A/IOKit
0x000000003b5e8000 	/usr/lib/libDiagnosticMessagesClient.dylib
0x000000003b5e8000 	/System/Library/Frameworks/CoreServices.framework/Versions/A/CoreServices
0x000000003b5e8000 	/System/Library/PrivateFrameworks/PerformanceAnalysis.framework/Versions/A/PerformanceAnalysis
0x000000003b5e8000 	/System/Library/PrivateFrameworks/GenerationalStorage.framework/Versions/A/GenerationalStorage
0x000000003b5e8000 	/System/Library/Frameworks/OpenGL.framework/Versions/A/OpenGL
0x000000003b5e8000 	/System/Library/Frameworks/CoreImage.framework/Versions/A/CoreImage
0x000000003b5e8000 	/System/Library/Frameworks/CoreText.framework/Versions/A/CoreText
0x000000003b5e8000 	/System/Library/Frameworks/ImageIO.framework/Versions/A/ImageIO
0x000000003b5e8000 	/System/Library/PrivateFrameworks/Backup.framework/Versions/A/Backup
0x000000003b5e8000 	/usr/lib/libarchive.2.dylib
0x000000003b5e8000 	/System/Library/Frameworks/CFNetwork.framework/Versions/A/CFNetwork
0x000000003b5e8000 	/System/Library/Frameworks/SystemConfiguration.framework/Versions/A/SystemConfiguration
0x000000003b5e8000 	/usr/lib/libCRFSuite.dylib
0x000000003b5e8000 	/usr/lib/libc++.1.dylib
0x000000003b5e8000 	/usr/lib/libc++abi.dylib
0x000000003b5e8000 	/usr/lib/system/libcache.dylib
0x000000003b5e8000 	/usr/lib/system/libcommonCrypto.dylib
0x000000003b5e8000 	/usr/lib/system/libcompiler_rt.dylib
0x000000003b5e8000 	/usr/lib/system/libcopyfile.dylib
0x000000003b5e8000 	/usr/lib/system/libcorecrypto.dylib
0x000000003b5e8000 	/usr/lib/system/libdispatch.dylib
0x000000003b5e8000 	/usr/lib/system/libdyld.dylib
0x000000003b5e8000 	/usr/lib/system/libkeymgr.dylib
0x000000003b5e8000 	/usr/lib/system/liblaunch.dylib
0x000000003b5e8000 	/usr/lib/system/libmacho.dylib
0x000000003b5e8000 	/usr/lib/system/libquarantine.dylib
0x000000003b5e8000 	/usr/lib/system/libremovefile.dylib
0x000000003b5e8000 	/usr/lib/system/libsystem_asl.dylib
0x000000003b5e8000 	/usr/lib/system/libsystem_blocks.dylib
0x000000003b5e8000 	/usr/lib/system/libsystem_c.dylib
0x000000003b5e8000 	/usr/lib/system/libsystem_configuration.dylib
0x000000003b5e8000 	/usr/lib/system/libsystem_coreservices.dylib
0x000000003b5e8000 	/usr/lib/system/libsystem_coretls.dylib
0x000000003b5e8000 	/usr/lib/system/libsystem_dnssd.dylib
0x000000003b5e8000 	/usr/lib/system/libsystem_info.dylib
0x000000003b5e8000 	/usr/lib/system/libsystem_kernel.dylib
0x000000003b5e8000 	/usr/lib/system/libsystem_m.dylib
0x000000003b5e8000 	/usr/lib/system/libsystem_malloc.dylib
0x000000003b5e8000 	/usr/lib/system/libsystem_network.dylib
0x000000003b5e8000 	/usr/lib/system/libsystem_networkextension.dylib
0x000000003b5e8000 	/usr/lib/system/libsystem_notify.dylib
0x000000003b5e8000 	/usr/lib/system/libsystem_platform.dylib
0x000000003b5e8000 	/usr/lib/system/libsystem_pthread.dylib
0x000000003b5e8000 	/usr/lib/system/libsystem_sandbox.dylib
0x000000003b5e8000 	/usr/lib/system/libsystem_secinit.dylib
0x000000003b5e8000 	/usr/lib/system/libsystem_symptoms.dylib
0x000000003b5e8000 	/usr/lib/system/libsystem_trace.dylib
0x000000003b5e8000 	/usr/lib/system/libunwind.dylib
0x000000003b5e8000 	/usr/lib/system/libxpc.dylib
0x000000003b5e8000 	/usr/lib/libbsm.0.dylib
0x000000003b5e8000 	/usr/lib/system/libkxld.dylib
0x000000003b5e8000 	/usr/lib/libcoretls.dylib
0x000000003b5e8000 	/usr/lib/libcoretls_cfhelpers.dylib
0x000000003b5e8000 	/usr/lib/libOpenScriptingUtil.dylib
0x000000003b5e8000 	/usr/lib/libpam.2.dylib
0x000000003b5e8000 	/usr/lib/libsqlite3.dylib
0x000000003b5e8000 	/usr/lib/libxar.1.dylib
0x000000003b5e8000 	/usr/lib/libbz2.1.0.dylib
0x000000003b5e8000 	/usr/lib/liblzma.5.dylib
0x000000003b5e8000 	/usr/lib/libnetwork.dylib
0x000000003b5e8000 	/usr/lib/libpcap.A.dylib
0x000000003b5e8000 	/System/Library/Frameworks/CoreServices.framework/Versions/A/Frameworks/FSEvents.framework/Versions/A/FSEvents
0x000000003b5e8000 	/System/Library/Frameworks/CoreServices.framework/Versions/A/Frameworks/CarbonCore.framework/Versions/A/CarbonCore
0x000000003b5e8000 	/System/Library/Frameworks/CoreServices.framework/Versions/A/Frameworks/Metadata.framework/Versions/A/Metadata
0x000000003b5e8000 	/System/Library/Frameworks/CoreServices.framework/Versions/A/Frameworks/OSServices.framework/Versions/A/OSServices
0x000000003b5e8000 	/System/Library/Frameworks/CoreServices.framework/Versions/A/Frameworks/SearchKit.framework/Versions/A/SearchKit
0x000000003b5e8000 	/System/Library/Frameworks/CoreServices.framework/Versions/A/Frameworks/AE.framework/Versions/A/AE
0x000000003b5e8000 	/System/Library/Frameworks/CoreServices.framework/Versions/A/Frameworks/LaunchServices.framework/Versions/A/LaunchServices
0x000000003b5e8000 	/System/Library/Frameworks/CoreServices.framework/Versions/A/Frameworks/DictionaryServices.framework/Versions/A/DictionaryServices
0x000000003b5e8000 	/System/Library/Frameworks/CoreServices.framework/Versions/A/Frameworks/SharedFileList.framework/Versions/A/SharedFileList
0x000000003b5e8000 	/System/Library/Frameworks/NetFS.framework/Versions/A/NetFS
0x000000003b5e8000 	/System/Library/PrivateFrameworks/NetAuth.framework/Versions/A/NetAuth
0x000000003b5e8000 	/System/Library/PrivateFrameworks/login.framework/Versions/A/Frameworks/loginsupport.framework/Versions/A/loginsupport
0x000000003b5e8000 	/System/Library/PrivateFrameworks/TCC.framework/Versions/A/TCC
0x000000003b5e8000 	/usr/lib/libmecabra.dylib
0x000000003b5e8000 	/System/Library/Frameworks/ApplicationServices.framework/Versions/A/Frameworks/ATS.framework/Versions/A/ATS
0x000000003b5e8000 	/System/Library/Frameworks/ApplicationServices.framework/Versions/A/Frameworks/ColorSync.framework/Versions/A/ColorSync
0x000000003b5e8000 	/System/Library/Frameworks/ApplicationServices.framework/Versions/A/Frameworks/HIServices.framework/Versions/A/HIServices
0x000000003b5e8000 	/System/Library/Frameworks/ApplicationServices.framework/Versions/A/Frameworks/LangAnalysis.framework/Versions/A/LangAnalysis
0x000000003b5e8000 	/System/Library/Frameworks/ApplicationServices.framework/Versions/A/Frameworks/PrintCore.framework/Versions/A/PrintCore
0x000000003b5e8000 	/System/Library/Frameworks/ApplicationServices.framework/Versions/A/Frameworks/QD.framework/Versions/A/QD
0x000000003b5e8000 	/System/Library/Frameworks/ApplicationServices.framework/Versions/A/Frameworks/SpeechSynthesis.framework/Versions/A/SpeechSynthesis
0x000000003b5e8000 	/System/Library/Frameworks/Accelerate.framework/Versions/A/Frameworks/vImage.framework/Versions/A/vImage
0x000000003b5e8000 	/System/Library/Frameworks/Accelerate.framework/Versions/A/Frameworks/vecLib.framework/Versions/A/vecLib
0x000000003b5e8000 	/System/Library/Frameworks/Accelerate.framework/Versions/A/Frameworks/vecLib.framework/Versions/A/libvDSP.dylib
0x000000003b5e8000 	/System/Library/Frameworks/Accelerate.framework/Versions/A/Frameworks/vecLib.framework/Versions/A/libBNNS.dylib
0x000000003b5e8000 	/System/Library/Frameworks/Accelerate.framework/Versions/A/Frameworks/vecLib.framework/Versions/A/libQuadrature.dylib
0x000000003b5e8000 	/System/Library/Frameworks/Accelerate.framework/Versions/A/Frameworks/vecLib.framework/Versions/A/libvMisc.dylib
0x000000003b5e8000 	/System/Library/Frameworks/Accelerate.framework/Versions/A/Frameworks/vecLib.framework/Versions/A/libLAPACK.dylib
0x000000003b5e8000 	/System/Library/Frameworks/Accelerate.framework/Versions/A/Frameworks/vecLib.framework/Versions/A/libBLAS.dylib
0x000000003b5e8000 	/System/Library/Frameworks/Accelerate.framework/Versions/A/Frameworks/vecLib.framework/Versions/A/libLinearAlgebra.dylib
0x000000003b5e8000 	/System/Library/Frameworks/Accelerate.framework/Versions/A/Frameworks/vecLib.framework/Versions/A/libSparseBLAS.dylib
0x000000003b5e8000 	/System/Library/Frameworks/ApplicationServices.framework/Versions/A/Frameworks/ATS.framework/Versions/A/Resources/libFontParser.dylib
0x000000003b5e8000 	/System/Library/Frameworks/ApplicationServices.framework/Versions/A/Frameworks/ATS.framework/Versions/A/Resources/libFontRegistry.dylib
0x000000003b5e8000 	/System/Library/Frameworks/ImageIO.framework/Versions/A/Resources/libJPEG.dylib
0x000000003b5e8000 	/System/Library/Frameworks/ImageIO.framework/Versions/A/Resources/libTIFF.dylib
0x000000003b5e8000 	/System/Library/Frameworks/ImageIO.framework/Versions/A/Resources/libPng.dylib
0x000000003b5e8000 	/System/Library/Frameworks/ImageIO.framework/Versions/A/Resources/libGIF.dylib
0x000000003b5e8000 	/System/Library/Frameworks/ImageIO.framework/Versions/A/Resources/libJP2.dylib
0x000000003b5e8000 	/System/Library/Frameworks/ImageIO.framework/Versions/A/Resources/libRadiance.dylib
0x000000003b5e8000 	/usr/lib/libcompression.dylib
0x000000003b5e8000 	/System/Library/PrivateFrameworks/AppleJPEG.framework/Versions/A/AppleJPEG
0x000000003b5e8000 	/usr/lib/libcups.2.dylib
0x000000003b5e8000 	/System/Library/Frameworks/Kerberos.framework/Versions/A/Kerberos
0x000000003b5e8000 	/System/Library/Frameworks/GSS.framework/Versions/A/GSS
0x000000003b5e8000 	/usr/lib/libresolv.9.dylib
0x000000003b5e8000 	/usr/lib/libiconv.2.dylib
0x000000003b5e8000 	/System/Library/PrivateFrameworks/Heimdal.framework/Versions/A/Heimdal
0x000000003b5e8000 	/usr/lib/libheimdal-asn1.dylib
0x000000003b5e8000 	/System/Library/Frameworks/OpenDirectory.framework/Versions/A/OpenDirectory
0x000000003b5e8000 	/System/Library/PrivateFrameworks/CommonAuth.framework/Versions/A/CommonAuth
0x000000003b5e8000 	/System/Library/Frameworks/OpenDirectory.framework/Versions/A/Frameworks/CFOpenDirectory.framework/Versions/A/CFOpenDirectory
0x000000003b5e8000 	/System/Library/Frameworks/SecurityFoundation.framework/Versions/A/SecurityFoundation
0x000000003b5e8000 	/System/Library/PrivateFrameworks/LanguageModeling.framework/Versions/A/LanguageModeling
0x000000003b5e8000 	/usr/lib/libmarisa.dylib
0x000000003b5e8000 	/usr/lib/libChineseTokenizer.dylib
0x000000003b5e8000 	/usr/lib/libcmph.dylib
0x000000003b5e8000 	/System/Library/PrivateFrameworks/CoreEmoji.framework/Versions/A/CoreEmoji
0x000000003b5e8000 	/System/Library/Frameworks/ServiceManagement.framework/Versions/A/ServiceManagement
0x000000003b5e8000 	/usr/lib/libxslt.1.dylib
0x000000003b5e8000 	/System/Library/Frameworks/Carbon.framework/Versions/A/Frameworks/Ink.framework/Versions/A/Ink
0x000000003b5e8000 	/System/Library/PrivateFrameworks/TextureIO.framework/Versions/A/TextureIO
0x000000003b5e8000 	/System/Library/Frameworks/Metal.framework/Versions/A/Metal
0x000000003b5e8000 	/usr/lib/libate.dylib
0x000000003b5e8000 	/System/Library/PrivateFrameworks/GPUCompiler.framework/libmetal_timestamp.dylib
0x000000003b5e8000 	/System/Library/Frameworks/OpenGL.framework/Versions/A/Libraries/libCoreFSCache.dylib
0x000000003b5e8000 	/System/Library/PrivateFrameworks/IOAccelerator.framework/Versions/A/IOAccelerator
0x000000003b5e8000 	/System/Library/Frameworks/CoreVideo.framework/Versions/A/CoreVideo
0x000000003b5e8000 	/usr/lib/libFosl_dynamic.dylib
0x000000003b5e8000 	/System/Library/PrivateFrameworks/MetalPerformanceShaders.framework/Versions/A/MetalPerformanceShaders
0x000000003b5e8000 	/System/Library/PrivateFrameworks/FaceCore.framework/Versions/A/FaceCore
0x000000003b5e8000 	/System/Library/Frameworks/OpenCL.framework/Versions/A/OpenCL
0x000000003b5e8000 	/System/Library/Frameworks/OpenGL.framework/Versions/A/Libraries/libGLU.dylib
0x000000003b5e8000 	/System/Library/Frameworks/OpenGL.framework/Versions/A/Libraries/libGFXShared.dylib
0x000000003b5e8000 	/System/Library/Frameworks/OpenGL.framework/Versions/A/Libraries/libGL.dylib
0x000000003b5e8000 	/System/Library/Frameworks/OpenGL.framework/Versions/A/Libraries/libGLImage.dylib
0x000000003b5e8000 	/System/Library/Frameworks/OpenGL.framework/Versions/A/Libraries/libCVMSPluginSupport.dylib
0x000000003b5e8000 	/System/Library/Frameworks/OpenGL.framework/Versions/A/Libraries/libCoreVMClient.dylib
0x000000003b5e8000 	/System/Library/PrivateFrameworks/CrashReporterSupport.framework/Versions/A/CrashReporterSupport
0x000000003b5e8000 	/System/Library/PrivateFrameworks/Sharing.framework/Versions/A/Sharing
0x000000003b5e8000 	/System/Library/PrivateFrameworks/IconServices.framework/Versions/A/IconServices
0x000000003b5e8000 	/System/Library/PrivateFrameworks/ProtocolBuffer.framework/Versions/A/ProtocolBuffer
0x000000003b5e8000 	/System/Library/PrivateFrameworks/Apple80211.framework/Versions/A/Apple80211
0x000000003b5e8000 	/System/Library/Frameworks/CoreWLAN.framework/Versions/A/CoreWLAN
0x000000003b5e8000 	/System/Library/PrivateFrameworks/CoreUtils.framework/Versions/A/CoreUtils
0x000000003b5e8000 	/System/Library/Frameworks/IOBluetooth.framework/Versions/A/IOBluetooth
0x000000003b5e8000 	/System/Library/PrivateFrameworks/CoreWiFi.framework/Versions/A/CoreWiFi
0x000000003b5e8000 	/System/Library/Frameworks/CoreBluetooth.framework/Versions/A/CoreBluetooth
0x000000003b5e8000 	/System/Library/Frameworks/CoreDisplay.framework/Versions/A/CoreDisplay
0x000000003b5e8000 	/System/Library/PrivateFrameworks/IOPresentment.framework/Versions/A/IOPresentment
0x000000003b5e8000 	/System/Library/PrivateFrameworks/DSExternalDisplay.framework/Versions/A/DSExternalDisplay
0x000000003b5e8000 	/System/Library/PrivateFrameworks/DebugSymbols.framework/Versions/A/DebugSymbols
0x000000003b5e8000 	/System/Library/PrivateFrameworks/CoreSymbolication.framework/Versions/A/CoreSymbolication
0x000000003b5e8000 	/System/Library/PrivateFrameworks/Symbolication.framework/Versions/A/Symbolication
0x000000003b5e8000 	/System/Library/PrivateFrameworks/AppleFSCompression.framework/Versions/A/AppleFSCompression
0x000000003b5e8000 	/System/Library/PrivateFrameworks/SpeechRecognitionCore.framework/Versions/A/SpeechRecognitionCore
0x000000003b5e8000 	/System/Library/PrivateFrameworks/ChunkingLibrary.framework/Versions/A/ChunkingLibrary
0x0000000102600000 	/Library/Java/JavaVirtualMachines/jdk1.8.0_91.jdk/Contents/Home/jre/lib/server/libjvm.dylib
0x000000003b5e8000 	/usr/lib/libstdc++.6.dylib
0x0000000101511000 	/Library/Java/JavaVirtualMachines/jdk1.8.0_91.jdk/Contents/Home/jre/lib/libverify.dylib
0x000000010151f000 	/Library/Java/JavaVirtualMachines/jdk1.8.0_91.jdk/Contents/Home/jre/lib/libjava.dylib
0x0000000101555000 	/Library/Java/JavaVirtualMachines/jdk1.8.0_91.jdk/Contents/Home/jre/lib/libjdwp.dylib
0x00000001015a0000 	/Library/Java/JavaVirtualMachines/jdk1.8.0_91.jdk/Contents/Home/jre/lib/libnpt.dylib
0x00000001015ad000 	/Library/Java/JavaVirtualMachines/jdk1.8.0_91.jdk/Contents/Home/jre/lib/libzip.dylib
0x0000000107201000 	/System/Library/Frameworks/JavaVM.framework/Frameworks/JavaRuntimeSupport.framework/JavaRuntimeSupport
0x000000010721b000 	/System/Library/Frameworks/JavaVM.framework/Versions/A/Frameworks/JavaNativeFoundation.framework/Versions/A/JavaNativeFoundation
0x0000000107230000 	/System/Library/Frameworks/JavaVM.framework/Versions/A/JavaVM
0x000000003b5e8000 	/System/Library/Frameworks/Carbon.framework/Versions/A/Carbon
0x000000010723d000 	/System/Library/PrivateFrameworks/JavaLaunching.framework/Versions/A/JavaLaunching
0x000000003b5e8000 	/System/Library/Frameworks/Carbon.framework/Versions/A/Frameworks/CommonPanels.framework/Versions/A/CommonPanels
0x000000003b5e8000 	/System/Library/Frameworks/Carbon.framework/Versions/A/Frameworks/Help.framework/Versions/A/Help
0x000000003b5e8000 	/System/Library/Frameworks/Carbon.framework/Versions/A/Frameworks/ImageCapture.framework/Versions/A/ImageCapture
0x000000003b5e8000 	/System/Library/Frameworks/Carbon.framework/Versions/A/Frameworks/OpenScripting.framework/Versions/A/OpenScripting
0x000000003b5e8000 	/System/Library/Frameworks/Carbon.framework/Versions/A/Frameworks/Print.framework/Versions/A/Print
0x000000003b5e8000 	/System/Library/Frameworks/Carbon.framework/Versions/A/Frameworks/SecurityHI.framework/Versions/A/SecurityHI
0x0000000107296000 	/Library/Java/JavaVirtualMachines/jdk1.8.0_91.jdk/Contents/Home/jre/lib/libdt_socket.dylib

VM Arguments:
jvm_args: -agentlib:jdwp=transport=dt_socket,address=127.0.0.1:52487,suspend=y,server=n -Dfile.encoding=UTF-8 
java_command: com.victor.Main
java_class_path (initial): /Library/Java/JavaVirtualMachines/jdk1.8.0_91.jdk/Contents/Home/jre/lib/charsets.jar:/Library/Java/JavaVirtualMachines/jdk1.8.0_91.jdk/Contents/Home/jre/lib/deploy.jar:/Library/Java/JavaVirtualMachines/jdk1.8.0_91.jdk/Contents/Home/jre/lib/ext/cldrdata.jar:/Library/Java/JavaVirtualMachines/jdk1.8.0_91.jdk/Contents/Home/jre/lib/ext/dnsns.jar:/Library/Java/JavaVirtualMachines/jdk1.8.0_91.jdk/Contents/Home/jre/lib/ext/jaccess.jar:/Library/Java/JavaVirtualMachines/jdk1.8.0_91.jdk/Contents/Home/jre/lib/ext/jfxrt.jar:/Library/Java/JavaVirtualMachines/jdk1.8.0_91.jdk/Contents/Home/jre/lib/ext/localedata.jar:/Library/Java/JavaVirtualMachines/jdk1.8.0_91.jdk/Contents/Home/jre/lib/ext/nashorn.jar:/Library/Java/JavaVirtualMachines/jdk1.8.0_91.jdk/Contents/Home/jre/lib/ext/sunec.jar:/Library/Java/JavaVirtualMachines/jdk1.8.0_91.jdk/Contents/Home/jre/lib/ext/sunjce_provider.jar:/Library/Java/JavaVirtualMachines/jdk1.8.0_91.jdk/Contents/Home/jre/lib/ext/sunpkcs11.jar:/Library/Java/JavaVirtualMachines/jdk1.8.0_91.jdk/Contents/Home/jre/lib/ext/zipfs.jar:/Library/Java/JavaVirtualMachines/jdk1.8.0_91.jdk/Contents/Home/jre/lib/javaws.jar:/Library/Java/JavaVirtualMachines/jdk1.8.0_91.jdk/Contents/Home/jre/lib/jce.jar:/Library/Java/JavaVirtualMachines/jdk1.8.0_91.jdk/Contents/Home/jre/lib/jfr.jar:/Library/Java/JavaVirtualMachines/jdk1.8.0_91.jdk/Contents/Home/jre/lib/jfxswt.jar:/Library/Java/JavaVirtualMachines/jdk1.8.0_91.jdk/Contents/Home/jre/lib/jsse.jar:/Library/Java/JavaVirtualMachines/jdk1.8.0_91.jdk/Contents/Home/jre/lib/management-agent.jar:/Library/Java/JavaVirtualMachines/jdk1.8.0_91.jdk/Contents/Home/jre/lib/plugin.jar:/Library/Java/JavaVirtualMachines/jdk1.8.0_91.jdk/Contents/Home/jre/lib/resources.jar:/Library/Java/JavaVirtualMachines/jdk1.8.0_91.jdk/Contents/Home/jre/lib/rt.jar:/Library/Java/JavaVirtualMachines/jdk1.8.0_91.jdk/Contents/Home/lib/ant-javafx.jar:/Library/Java/JavaVirtualMachines/jdk1.8.0_91.jdk/Contents/Home/lib/dt.jar:/Library/Ja
Launcher Type: SUN_STANDARD

Environment Variables:
PATH=/usr/local/bin:/usr/local/bin:/Users/Victor/.rvm/gems/ruby-2.3.3/bin:/Users/Victor/.rvm/gems/ruby-2.3.3@global/bin:/Users/Victor/.rvm/rubies/ruby-2.3.3/bin:~/Desktop/nodechef-cli:~/Development/JavaPlay/activator-1.3.10-minimal/bin:~/usr/local/bin:/usr/bin:/bin:/usr/sbin:/sbin:/Users/Victor/.rvm/bin
SHELL=/bin/bash

Signal Handlers:
SIGSEGV: [libjvm.dylib+0x5a97a1], sa_mask[0]=11111111011111110111111111111111, sa_flags=SA_ONSTACK|SA_RESTART|SA_SIGINFO
SIGBUS: [libjvm.dylib+0x5a97a1], sa_mask[0]=11111111011111110111111111111111, sa_flags=SA_RESTART|SA_SIGINFO
SIGFPE: [libjvm.dylib+0x482594], sa_mask[0]=11111111011111110111111111111111, sa_flags=SA_RESTART|SA_SIGINFO
SIGPIPE: [libjvm.dylib+0x482594], sa_mask[0]=11111111011111110111111111111111, sa_flags=SA_RESTART|SA_SIGINFO
SIGXFSZ: [libjvm.dylib+0x482594], sa_mask[0]=11111111011111110111111111111111, sa_flags=SA_RESTART|SA_SIGINFO
SIGILL: [libjvm.dylib+0x482594], sa_mask[0]=11111111011111110111111111111111, sa_flags=SA_RESTART|SA_SIGINFO
SIGUSR1: SIG_DFL, sa_mask[0]=00000000000000000000000000000000, sa_flags=none
SIGUSR2: [libjvm.dylib+0x4820b2], sa_mask[0]=00100000000000000000000000000000, sa_flags=SA_RESTART|SA_SIGINFO
SIGHUP: [libjvm.dylib+0x480689], sa_mask[0]=11111111011111110111111111111111, sa_flags=SA_RESTART|SA_SIGINFO
SIGINT: [libjvm.dylib+0x480689], sa_mask[0]=11111111011111110111111111111111, sa_flags=SA_RESTART|SA_SIGINFO
SIGTERM: [libjvm.dylib+0x480689], sa_mask[0]=11111111011111110111111111111111, sa_flags=SA_RESTART|SA_SIGINFO
SIGQUIT: [libjvm.dylib+0x480689], sa_mask[0]=11111111011111110111111111111111, sa_flags=SA_RESTART|SA_SIGINFO


---------------  S Y S T E M  ---------------

OS:Bsduname:Darwin 16.7.0 Darwin Kernel Version 16.7.0: Thu Jun 15 17:36:27 PDT 2017; root:xnu-3789.70.16~2/RELEASE_X86_64 x86_64
rlimit: STACK 8192k, CORE 0k, NPROC 709, NOFILE 10240, AS infinity
load average:2.97 2.92 2.95

CPU:total 8 (4 cores per cpu, 2 threads per core) family 6 model 70 stepping 1, cmov, cx8, fxsr, mmx, sse, sse2, sse3, ssse3, sse4.1, sse4.2, popcnt, avx, avx2, aes, clmul, erms, lzcnt, ht, tsc, tscinvbit, bmi1, bmi2

Memory: 4k page, physical 16777216k(134264k free)

/proc/meminfo:


vm_info: Java HotSpot(TM) 64-Bit Server VM (25.91-b14) for bsd-amd64 JRE (1.8.0_91-b14), built on Apr  1 2016 01:03:00 by "java_re" with gcc 4.2.1 (Based on Apple Inc. build 5658) (LLVM build 2336.11.00)

time: Thu Nov 30 11:12:31 2017
elapsed time: 3976 seconds (0d 1h 6m 16s)

